<?xml version="1.0" encoding="UTF-8"?>
<testng-results ignored="0" total="4" passed="4" failed="0" skipped="0">
  <reporter-output>
  </reporter-output>
  <suite started-at="2022-02-16T01:59:43 IST" name="Suite" finished-at="2022-02-16T01:59:57 IST" duration-ms="14122">
    <groups>
    </groups>
    <test started-at="2022-02-16T01:59:43 IST" name="ChromeTest" finished-at="2022-02-16T01:59:48 IST" duration-ms="5420">
      <class name="tests.VerifyHeadersOfApplication">
        <test-method is-config="true" signature="launchBrowser(java.lang.String)[pri:0, instance:tests.VerifyHeadersOfApplication@5bd03f44]" started-at="2022-02-16T01:59:43 IST" name="launchBrowser" finished-at="2022-02-16T01:59:45 IST" duration-ms="2111" status="PASS">
          <params>
            <param index="0">
              <value>
                <![CDATA[Chrome]]>
              </value>
            </param>
          </params>
          <reporter-output>
          </reporter-output>
        </test-method> <!-- launchBrowser -->
        <test-method is-config="true" signature="createPOMObject()[pri:0, instance:tests.VerifyHeadersOfApplication@5bd03f44]" started-at="2022-02-16T01:59:45 IST" name="createPOMObject" finished-at="2022-02-16T01:59:45 IST" duration-ms="32" status="PASS">
          <reporter-output>
          </reporter-output>
        </test-method> <!-- createPOMObject -->
        <test-method is-config="true" signature="loginToApplication()[pri:0, instance:tests.VerifyHeadersOfApplication@5bd03f44]" started-at="2022-02-16T01:59:45 IST" name="loginToApplication" finished-at="2022-02-16T01:59:46 IST" duration-ms="500" status="PASS">
          <reporter-output>
          </reporter-output>
        </test-method> <!-- loginToApplication -->
        <test-method signature="toVerifyTaskButton()[pri:0, instance:tests.VerifyHeadersOfApplication@5bd03f44]" started-at="2022-02-16T01:59:46 IST" name="toVerifyTaskButton" finished-at="2022-02-16T01:59:47 IST" duration-ms="863" status="PASS">
          <reporter-output>
          </reporter-output>
        </test-method> <!-- toVerifyTaskButton -->
        <test-method is-config="true" signature="logoutFromApplication()[pri:0, instance:tests.VerifyHeadersOfApplication@5bd03f44]" started-at="2022-02-16T01:59:47 IST" name="logoutFromApplication" finished-at="2022-02-16T01:59:47 IST" duration-ms="177" status="PASS">
          <reporter-output>
          </reporter-output>
        </test-method> <!-- logoutFromApplication -->
        <test-method is-config="true" signature="loginToApplication()[pri:0, instance:tests.VerifyHeadersOfApplication@5bd03f44]" started-at="2022-02-16T01:59:47 IST" name="loginToApplication" finished-at="2022-02-16T01:59:47 IST" duration-ms="297" status="PASS">
          <reporter-output>
          </reporter-output>
        </test-method> <!-- loginToApplication -->
        <test-method signature="verifyUserTab()[pri:0, instance:tests.VerifyHeadersOfApplication@5bd03f44]" started-at="2022-02-16T01:59:47 IST" name="verifyUserTab" finished-at="2022-02-16T01:59:48 IST" duration-ms="902" status="PASS">
          <reporter-output>
          </reporter-output>
        </test-method> <!-- verifyUserTab -->
        <test-method is-config="true" signature="logoutFromApplication()[pri:0, instance:tests.VerifyHeadersOfApplication@5bd03f44]" started-at="2022-02-16T01:59:48 IST" name="logoutFromApplication" finished-at="2022-02-16T01:59:48 IST" duration-ms="143" status="PASS">
          <reporter-output>
          </reporter-output>
        </test-method> <!-- logoutFromApplication -->
        <test-method is-config="true" signature="clearPOMObject()[pri:0, instance:tests.VerifyHeadersOfApplication@5bd03f44]" started-at="2022-02-16T01:59:48 IST" name="clearPOMObject" finished-at="2022-02-16T01:59:48 IST" duration-ms="0" status="PASS">
          <reporter-output>
          </reporter-output>
        </test-method> <!-- clearPOMObject -->
        <test-method is-config="true" signature="closedBrowser()[pri:0, instance:tests.VerifyHeadersOfApplication@5bd03f44]" started-at="2022-02-16T01:59:48 IST" name="closedBrowser" finished-at="2022-02-16T01:59:48 IST" duration-ms="346" status="PASS">
          <reporter-output>
          </reporter-output>
        </test-method> <!-- closedBrowser -->
      </class> <!-- tests.VerifyHeadersOfApplication -->
    </test> <!-- ChromeTest -->
    <test started-at="2022-02-16T01:59:49 IST" name="FirefoxTest" finished-at="2022-02-16T01:59:57 IST" duration-ms="8627">
      <class name="tests.VerifyHeadersOfApplication">
        <test-method is-config="true" signature="launchBrowser(java.lang.String)[pri:0, instance:tests.VerifyHeadersOfApplication@5119fb47]" started-at="2022-02-16T01:59:49 IST" name="launchBrowser" finished-at="2022-02-16T01:59:53 IST" duration-ms="4379" status="PASS">
          <params>
            <param index="0">
              <value>
                <![CDATA[Firefox]]>
              </value>
            </param>
          </params>
          <reporter-output>
          </reporter-output>
        </test-method> <!-- launchBrowser -->
        <test-method is-config="true" signature="createPOMObject()[pri:0, instance:tests.VerifyHeadersOfApplication@5119fb47]" started-at="2022-02-16T01:59:53 IST" name="createPOMObject" finished-at="2022-02-16T01:59:53 IST" duration-ms="1" status="PASS">
          <reporter-output>
          </reporter-output>
        </test-method> <!-- createPOMObject -->
        <test-method is-config="true" signature="loginToApplication()[pri:0, instance:tests.VerifyHeadersOfApplication@5119fb47]" started-at="2022-02-16T01:59:53 IST" name="loginToApplication" finished-at="2022-02-16T01:59:54 IST" duration-ms="910" status="PASS">
          <reporter-output>
          </reporter-output>
        </test-method> <!-- loginToApplication -->
        <test-method signature="toVerifyTaskButton()[pri:0, instance:tests.VerifyHeadersOfApplication@5119fb47]" started-at="2022-02-16T01:59:54 IST" name="toVerifyTaskButton" finished-at="2022-02-16T01:59:54 IST" duration-ms="476" status="PASS">
          <reporter-output>
          </reporter-output>
        </test-method> <!-- toVerifyTaskButton -->
        <test-method is-config="true" signature="logoutFromApplication()[pri:0, instance:tests.VerifyHeadersOfApplication@5119fb47]" started-at="2022-02-16T01:59:54 IST" name="logoutFromApplication" finished-at="2022-02-16T01:59:54 IST" duration-ms="142" status="PASS">
          <reporter-output>
          </reporter-output>
        </test-method> <!-- logoutFromApplication -->
        <test-method is-config="true" signature="loginToApplication()[pri:0, instance:tests.VerifyHeadersOfApplication@5119fb47]" started-at="2022-02-16T01:59:54 IST" name="loginToApplication" finished-at="2022-02-16T01:59:55 IST" duration-ms="607" status="PASS">
          <reporter-output>
          </reporter-output>
        </test-method> <!-- loginToApplication -->
        <test-method signature="verifyUserTab()[pri:0, instance:tests.VerifyHeadersOfApplication@5119fb47]" started-at="2022-02-16T01:59:55 IST" name="verifyUserTab" finished-at="2022-02-16T01:59:56 IST" duration-ms="615" status="PASS">
          <reporter-output>
          </reporter-output>
        </test-method> <!-- verifyUserTab -->
        <test-method is-config="true" signature="logoutFromApplication()[pri:0, instance:tests.VerifyHeadersOfApplication@5119fb47]" started-at="2022-02-16T01:59:56 IST" name="logoutFromApplication" finished-at="2022-02-16T01:59:56 IST" duration-ms="134" status="PASS">
          <reporter-output>
          </reporter-output>
        </test-method> <!-- logoutFromApplication -->
        <test-method is-config="true" signature="clearPOMObject()[pri:0, instance:tests.VerifyHeadersOfApplication@5119fb47]" started-at="2022-02-16T01:59:56 IST" name="clearPOMObject" finished-at="2022-02-16T01:59:56 IST" duration-ms="1" status="PASS">
          <reporter-output>
          </reporter-output>
        </test-method> <!-- clearPOMObject -->
        <test-method is-config="true" signature="closedBrowser()[pri:0, instance:tests.VerifyHeadersOfApplication@5119fb47]" started-at="2022-02-16T01:59:56 IST" name="closedBrowser" finished-at="2022-02-16T01:59:57 IST" duration-ms="1358" status="PASS">
          <reporter-output>
          </reporter-output>
        </test-method> <!-- closedBrowser -->
      </class> <!-- tests.VerifyHeadersOfApplication -->
    </test> <!-- FirefoxTest -->
  </suite> <!-- Suite -->
</testng-results>
