<?xml version="1.0" encoding="UTF-8"?>
<!-- Generated by org.testng.reporters.JUnitXMLReporter -->
<testsuite ignored="0" hostname="Yogesh95" failures="0" tests="6" name="Test" time="0.098" errors="0" timestamp="2022-02-13T02:25:06 IST">
  <testcase classname="tests.TestClass2" name="testE" time="0.009"/>
  <testcase classname="tests.TestClass2" name="testF" time="0.002"/>
  <testcase classname="tests.TestClass2" name="testH" time="0.002"/>
  <testcase classname="tests.TestClass1" name="testA" time="0.004"/>
  <testcase classname="tests.TestClass1" name="testB" time="0.003"/>
  <testcase classname="tests.TestClass1" name="testC" time="0.002"/>
</testsuite> <!-- Test -->
